[0m22:12:04.908554 [debug] [MainThread]: Sending event: {'category': 'dbt', 'action': 'invocation', 'label': 'start', 'context': [<snowplow_tracker.self_describing_json.SelfDescribingJson object at 0x10bfb6900>, <snowplow_tracker.self_describing_json.SelfDescribingJson object at 0x10df45e50>, <snowplow_tracker.self_describing_json.SelfDescribingJson object at 0x10df45d10>]}


============================== 22:12:04.911428 | 2ae8f8c6-a8e8-4b4f-b8e8-dd249b852acd ==============================
[0m22:12:04.911428 [info ] [MainThread]: Running with dbt=1.7.9
[0m22:12:04.911757 [debug] [MainThread]: running dbt with arguments {'static_parser': 'True', 'send_anonymous_usage_stats': 'True', 'write_json': 'True', 'invocation_command': 'dbt init funnel_dbt', 'warn_error_options': 'WarnErrorOptions(include=[], exclude=[])', 'profiles_dir': '/Users/rahulswami/.dbt', 'introspect': 'True', 'debug': 'False', 'version_check': 'True', 'partial_parse': 'True', 'target_path': 'None', 'no_print': 'None', 'printer_width': '80', 'quiet': 'False', 'warn_error': 'None', 'use_experimental_parser': 'False', 'cache_selected_only': 'False', 'log_cache_events': 'False', 'fail_fast': 'False', 'indirect_selection': 'eager', 'log_path': 'logs', 'use_colors': 'True', 'log_format': 'default'}
[0m22:12:04.912080 [warn ] [MainThread]: [ConfigFolderDirectory]: Unable to parse dict {'dir': PosixPath('/Users/rahulswami/.dbt')}
[0m22:12:04.912245 [info ] [MainThread]: Creating dbt configuration folder at 
[0m22:12:04.912848 [debug] [MainThread]: Starter project path: /Users/rahulswami/Documents/Funnel_pipeline_updraded/project/dbt_env/lib/python3.13/site-packages/dbt/include/starter_project
[0m22:12:04.918060 [info ] [MainThread]: 
Your new dbt project "funnel_dbt" was created!

For more information on how to configure the profiles.yml file,
please consult the dbt documentation here:

  https://docs.getdbt.com/docs/configure-your-profile

One more thing:

Need help? Don't hesitate to reach out to us via GitHub issues or on Slack:

  https://community.getdbt.com/

Happy modeling!

[0m22:12:04.918314 [info ] [MainThread]: Setting up your profile.
[0m22:12:45.050453 [info ] [MainThread]: Profile funnel_dbt written to /Users/rahulswami/.dbt/profiles.yml using target's sample configuration. Once updated, you'll be able to start developing with dbt.
[0m22:12:45.657616 [debug] [MainThread]: Sending event: {'category': 'dbt', 'action': 'invocation', 'label': 'end', 'context': [<snowplow_tracker.self_describing_json.SelfDescribingJson object at 0x10e033100>, <snowplow_tracker.self_describing_json.SelfDescribingJson object at 0x10e0a32f0>, <snowplow_tracker.self_describing_json.SelfDescribingJson object at 0x10e0ddae0>]}
[0m22:12:45.659072 [debug] [MainThread]: Flushing usage events
[0m22:38:22.079563 [debug] [MainThread]: Sending event: {'category': 'dbt', 'action': 'invocation', 'label': 'start', 'context': [<snowplow_tracker.self_describing_json.SelfDescribingJson object at 0x10dae9790>, <snowplow_tracker.self_describing_json.SelfDescribingJson object at 0x10df9b110>, <snowplow_tracker.self_describing_json.SelfDescribingJson object at 0x10dfac9d0>]}


============================== 22:38:22.084978 | 84f6dde0-f8ae-402e-85ac-5d05d71617a2 ==============================
[0m22:38:22.084978 [info ] [MainThread]: Running with dbt=1.7.9
[0m22:38:22.085341 [debug] [MainThread]: running dbt with arguments {'cache_selected_only': 'False', 'static_parser': 'True', 'version_check': 'True', 'no_print': 'None', 'printer_width': '80', 'indirect_selection': 'eager', 'write_json': 'True', 'target_path': 'None', 'use_colors': 'True', 'invocation_command': 'dbt init funnel_dbt', 'log_format': 'default', 'log_cache_events': 'False', 'send_anonymous_usage_stats': 'True', 'quiet': 'False', 'warn_error': 'None', 'use_experimental_parser': 'False', 'introspect': 'True', 'debug': 'False', 'log_path': 'logs', 'profiles_dir': '/Users/rahulswami/.dbt', 'fail_fast': 'False', 'warn_error_options': 'WarnErrorOptions(include=[], exclude=[])', 'partial_parse': 'True'}
[0m22:38:22.085942 [info ] [MainThread]: A project called funnel_dbt already exists here.
[0m22:38:22.252689 [debug] [MainThread]: Sending event: {'category': 'dbt', 'action': 'invocation', 'label': 'end', 'context': [<snowplow_tracker.self_describing_json.SelfDescribingJson object at 0x104b7f7d0>, <snowplow_tracker.self_describing_json.SelfDescribingJson object at 0x10bc3e8d0>, <snowplow_tracker.self_describing_json.SelfDescribingJson object at 0x10df479d0>]}
[0m22:38:22.252999 [debug] [MainThread]: Flushing usage events
[0m22:39:27.850186 [debug] [MainThread]: Sending event: {'category': 'dbt', 'action': 'invocation', 'label': 'start', 'context': [<snowplow_tracker.self_describing_json.SelfDescribingJson object at 0x10c126a50>, <snowplow_tracker.self_describing_json.SelfDescribingJson object at 0x10c198910>, <snowplow_tracker.self_describing_json.SelfDescribingJson object at 0x10c198f90>]}


============================== 22:39:27.853009 | c4acabca-9faa-4b1a-826d-dc86fd53c41e ==============================
[0m22:39:27.853009 [info ] [MainThread]: Running with dbt=1.7.9
[0m22:39:27.853345 [debug] [MainThread]: running dbt with arguments {'indirect_selection': 'eager', 'static_parser': 'True', 'no_print': 'None', 'profiles_dir': '/Users/rahulswami/.dbt', 'invocation_command': 'dbt init funnel_dbt', 'target_path': 'None', 'version_check': 'True', 'log_format': 'default', 'printer_width': '80', 'use_experimental_parser': 'False', 'write_json': 'True', 'quiet': 'False', 'cache_selected_only': 'False', 'send_anonymous_usage_stats': 'True', 'debug': 'False', 'introspect': 'True', 'use_colors': 'True', 'warn_error': 'None', 'fail_fast': 'False', 'log_cache_events': 'False', 'log_path': 'logs', 'partial_parse': 'True', 'warn_error_options': 'WarnErrorOptions(include=[], exclude=[])'}
[0m22:39:27.853897 [debug] [MainThread]: Starter project path: /Users/rahulswami/Documents/Funnel_pipeline_updraded/project/dbt_env/lib/python3.11/site-packages/dbt/include/starter_project
[0m22:39:27.858699 [info ] [MainThread]: 
Your new dbt project "funnel_dbt" was created!

For more information on how to configure the profiles.yml file,
please consult the dbt documentation here:

  https://docs.getdbt.com/docs/configure-your-profile

One more thing:

Need help? Don't hesitate to reach out to us via GitHub issues or on Slack:

  https://community.getdbt.com/

Happy modeling!

[0m22:39:27.858934 [info ] [MainThread]: Setting up your profile.
[0m22:39:57.903325 [debug] [MainThread]: Sending event: {'category': 'dbt', 'action': 'invocation', 'label': 'end', 'context': [<snowplow_tracker.self_describing_json.SelfDescribingJson object at 0x107c2f810>, <snowplow_tracker.self_describing_json.SelfDescribingJson object at 0x10c173550>, <snowplow_tracker.self_describing_json.SelfDescribingJson object at 0x102d06790>]}
[0m22:39:57.903966 [debug] [MainThread]: Flushing usage events
[0m23:00:49.531803 [debug] [MainThread]: Sending event: {'category': 'dbt', 'action': 'invocation', 'label': 'start', 'context': [<snowplow_tracker.self_describing_json.SelfDescribingJson object at 0x10a283110>, <snowplow_tracker.self_describing_json.SelfDescribingJson object at 0x10a2c2ad0>, <snowplow_tracker.self_describing_json.SelfDescribingJson object at 0x10a2e9650>]}


============================== 23:00:49.534706 | deff82fd-c842-462f-8018-9be787a2b554 ==============================
[0m23:00:49.534706 [info ] [MainThread]: Running with dbt=1.7.9
[0m23:00:49.535066 [debug] [MainThread]: running dbt with arguments {'printer_width': '80', 'indirect_selection': 'eager', 'log_cache_events': 'False', 'write_json': 'True', 'partial_parse': 'True', 'cache_selected_only': 'False', 'profiles_dir': '/Users/rahulswami/.dbt', 'fail_fast': 'False', 'warn_error': 'None', 'log_path': 'logs', 'version_check': 'True', 'debug': 'False', 'use_colors': 'True', 'use_experimental_parser': 'False', 'no_print': 'None', 'quiet': 'False', 'warn_error_options': 'WarnErrorOptions(include=[], exclude=[])', 'invocation_command': 'dbt run', 'log_format': 'default', 'static_parser': 'True', 'target_path': 'None', 'introspect': 'True', 'send_anonymous_usage_stats': 'True'}
[0m23:00:49.535546 [error] [MainThread]: Encountered an error:
Runtime Error
  No dbt_project.yml found at expected path /Users/rahulswami/Documents/Funnel_pipeline_updraded/project/dbt_project.yml
  Verify that each entry within packages.yml (and their transitive dependencies) contains a file named dbt_project.yml
  
[0m23:00:49.537568 [debug] [MainThread]: Resource report: {"command_name": "run", "command_wall_clock_time": 0.0373245, "process_user_time": 0.865151, "process_kernel_time": 0.145581, "process_mem_max_rss": "114540544", "command_success": false, "process_in_blocks": "0", "process_out_blocks": "0"}
[0m23:00:49.537843 [debug] [MainThread]: Command `dbt run` failed at 23:00:49.537770 after 0.04 seconds
[0m23:00:49.538050 [debug] [MainThread]: Sending event: {'category': 'dbt', 'action': 'invocation', 'label': 'end', 'context': [<snowplow_tracker.self_describing_json.SelfDescribingJson object at 0x105e67890>, <snowplow_tracker.self_describing_json.SelfDescribingJson object at 0x10a2c2ad0>, <snowplow_tracker.self_describing_json.SelfDescribingJson object at 0x105daa8d0>]}
[0m23:00:49.538243 [debug] [MainThread]: Flushing usage events
