2026-03-16 23:22:05,593 - INFO - Pipeline started
2026-03-16 23:22:07,596 - INFO - Pipeline finished successfully
2026-03-16 23:31:31,485 - INFO - Pipeline started
2026-03-16 23:31:32,015 - INFO - Pipeline finished successfully
2026-03-16 23:37:11,604 - INFO - Pipeline started
2026-03-16 23:38:06,834 - INFO - Pipeline started
2026-03-16 23:38:07,378 - INFO - Pipeline finished successfully
2026-03-16 23:39:23,672 - INFO - Pipeline started
2026-03-16 23:39:24,204 - INFO - Pipeline finished successfully
2026-03-17 00:13:29,709 - INFO - Pipeline started
2026-03-17 00:13:29,728 - INFO - MySQL connection established
2026-03-17 00:13:29,815 - INFO - Funnel files loaded: 1
2026-03-17 00:13:29,815 - INFO - Order files loaded: 1
2026-03-17 00:22:02,564 - INFO - Pipeline started
2026-03-17 00:22:02,585 - INFO - MySQL connection established
2026-03-17 00:22:02,677 - INFO - Funnel files loaded: 1
2026-03-17 00:22:02,677 - INFO - Order files loaded: 1
2026-03-17 00:22:02,830 - INFO - whatsapp table done
2026-03-17 00:22:02,839 - INFO - swayo whatsapp table done
2026-03-17 00:22:02,839 - INFO - PREPARE RESPONSE FILE done
2026-03-17 00:22:02,852 - INFO - Swayo app table done
2026-03-17 00:22:02,937 - INFO - Funnel table done
2026-03-17 00:26:43,147 - INFO - Pipeline started
2026-03-17 00:26:43,168 - INFO - MySQL connection established
2026-03-17 00:26:43,254 - INFO - Funnel files loaded: 1
2026-03-17 00:26:43,254 - INFO - Order files loaded: 1
2026-03-17 00:26:43,380 - INFO - whatsapp table done
2026-03-17 00:26:43,389 - INFO - swayo whatsapp table done
2026-03-17 00:26:43,390 - INFO - PREPARE RESPONSE FILE done
2026-03-17 00:26:43,403 - INFO - Swayo app table done
2026-03-17 00:26:43,485 - INFO - Funnel table done
2026-03-17 00:26:44,022 - INFO - Data inserted into MySQL
2026-03-17 00:26:44,023 - INFO - Pipeline finished successfully
2026-03-17 00:27:52,177 - INFO - Pipeline started
2026-03-17 00:27:52,196 - INFO - MySQL connection established
2026-03-17 00:27:52,279 - INFO - Funnel files loaded: 1
2026-03-17 00:27:52,279 - INFO - Order files loaded: 1
2026-03-17 00:27:52,396 - INFO - whatsapp table done
2026-03-17 00:27:52,404 - INFO - swayo whatsapp table done
2026-03-17 00:27:52,404 - INFO - PREPARE RESPONSE FILE done
2026-03-17 00:27:52,416 - INFO - Swayo app table done
2026-03-17 00:27:52,497 - INFO - Funnel table done
2026-03-17 00:27:53,203 - INFO - Data inserted into MySQL
2026-03-17 00:27:53,204 - INFO - Pipeline finished successfully
2026-03-17 00:29:47,353 - INFO - Pipeline started
2026-03-17 00:29:47,372 - INFO - MySQL connection established
2026-03-17 00:29:47,413 - INFO - Funnel files loaded: 1
2026-03-17 00:29:47,413 - INFO - Order files loaded: 1
2026-03-17 00:29:47,505 - INFO - whatsapp table done
2026-03-17 00:29:47,510 - INFO - swayo whatsapp table done
2026-03-17 00:29:47,510 - INFO - PREPARE RESPONSE FILE done
2026-03-17 00:29:47,518 - INFO - Swayo app table done
2026-03-17 00:29:47,587 - INFO - Funnel table done
2026-03-17 00:29:47,850 - INFO - Data inserted into MySQL
2026-03-17 00:29:47,850 - INFO - Pipeline finished successfully
2026-03-18 12:57:23,150 - INFO - Pipeline started
2026-03-18 12:57:23,902 - INFO - MySQL connection established
2026-03-18 12:57:23,976 - INFO - Funnel files loaded: 1
2026-03-18 12:57:23,976 - INFO - Order files loaded: 1
2026-03-18 12:57:25,039 - INFO - whatsapp table done
2026-03-18 12:57:25,047 - INFO - swayo whatsapp table done
2026-03-18 12:57:25,048 - INFO - PREPARE RESPONSE FILE done
2026-03-18 12:57:25,056 - INFO - Swayo app table done
2026-03-18 12:57:25,130 - INFO - Funnel table done
2026-03-18 12:57:25,370 - INFO - Data inserted into MySQL
2026-03-18 12:57:25,371 - INFO - Pipeline finished successfully
2026-03-19 13:07:03,855 - INFO - Pipeline started
2026-03-19 13:07:04,241 - INFO - MySQL connection established
2026-03-19 13:07:04,316 - INFO - Funnel files loaded: 1
2026-03-19 13:07:04,317 - INFO - Order files loaded: 1
2026-03-19 13:07:04,932 - INFO - whatsapp table done
2026-03-19 13:07:04,940 - INFO - swayo whatsapp table done
2026-03-19 13:07:04,941 - INFO - PREPARE RESPONSE FILE done
2026-03-19 13:07:04,953 - INFO - Swayo app table done
2026-03-19 13:07:05,024 - INFO - Funnel table done
2026-03-19 13:07:05,281 - INFO - Data inserted into MySQL
2026-03-19 13:07:05,281 - INFO - Pipeline finished successfully
2026-03-19 18:13:39,263 - INFO - Pipeline started
2026-03-19 18:13:39,282 - INFO - MySQL connection established
2026-03-19 18:13:39,307 - INFO - Funnel files loaded: 1
2026-03-19 18:13:39,307 - INFO - Order files loaded: 1
2026-03-19 18:13:39,432 - INFO - whatsapp table done
2026-03-19 18:13:39,437 - INFO - swayo whatsapp table done
2026-03-19 18:13:39,438 - INFO - PREPARE RESPONSE FILE done
2026-03-19 18:13:39,443 - INFO - Swayo app table done
2026-03-19 18:13:39,501 - INFO - Funnel table done
2026-03-19 18:13:39,646 - INFO - Data inserted into MySQL
2026-03-19 18:13:39,647 - INFO - Pipeline finished successfully
2026-03-20 15:06:14,746 - INFO - Pipeline started
2026-03-20 15:06:15,213 - INFO - MySQL connection established
2026-03-20 15:06:15,251 - INFO - Funnel files loaded: 1
2026-03-20 15:06:15,251 - INFO - Order files loaded: 1
2026-03-20 15:06:15,763 - INFO - whatsapp table done
2026-03-20 15:06:15,769 - INFO - swayo whatsapp table done
2026-03-20 15:06:15,769 - INFO - PREPARE RESPONSE FILE done
2026-03-20 15:06:15,794 - INFO - Swayo app table done
2026-03-20 15:06:15,890 - INFO - Funnel table done
2026-03-20 15:06:16,031 - INFO - Data inserted into MySQL
2026-03-20 15:06:16,034 - INFO - Pipeline finished successfully
2026-03-21 18:54:39,934 - INFO - Pipeline started
2026-03-21 18:54:40,040 - INFO - MySQL connection established
2026-03-21 18:54:40,078 - INFO - Funnel files loaded: 1
2026-03-21 18:54:40,078 - INFO - Order files loaded: 1
2026-03-21 18:54:40,654 - INFO - whatsapp table done
2026-03-21 18:54:40,695 - INFO - swayo whatsapp table done
2026-03-21 18:54:40,695 - INFO - PREPARE RESPONSE FILE done
2026-03-21 18:54:40,715 - INFO - Swayo app table done
2026-03-21 18:54:40,787 - INFO - Funnel table done
2026-03-21 18:54:40,949 - INFO - Data inserted into MySQL
2026-03-21 18:54:40,950 - INFO - Pipeline finished successfully
2026-03-23 10:06:06,353 - INFO - Pipeline started
2026-03-23 10:06:06,467 - INFO - MySQL connection established
2026-03-23 10:06:06,567 - INFO - Funnel files loaded: 1
2026-03-23 10:06:06,567 - INFO - Order files loaded: 1
2026-03-23 10:06:06,811 - INFO - whatsapp table done
2026-03-23 10:06:06,816 - INFO - swayo whatsapp table done
2026-03-23 10:06:06,816 - INFO - PREPARE RESPONSE FILE done
2026-03-23 10:06:06,824 - INFO - Swayo app table done
2026-03-23 10:06:06,939 - INFO - Funnel table done
2026-03-23 10:07:02,595 - INFO - Pipeline started
2026-03-23 10:07:02,614 - INFO - MySQL connection established
2026-03-23 10:07:02,645 - INFO - Funnel files loaded: 1
2026-03-23 10:07:02,645 - INFO - Order files loaded: 1
2026-03-23 10:07:02,735 - INFO - whatsapp table done
2026-03-23 10:07:02,741 - INFO - swayo whatsapp table done
2026-03-23 10:07:02,742 - INFO - PREPARE RESPONSE FILE done
2026-03-23 10:07:02,749 - INFO - Swayo app table done
2026-03-23 10:07:02,831 - INFO - Funnel table done
2026-03-23 10:07:02,990 - INFO - Data inserted into MySQL
2026-03-23 10:07:02,991 - INFO - Pipeline finished successfully
2026-03-23 11:25:44,518 - INFO - Pipeline started
2026-03-23 11:25:44,537 - INFO - MySQL connection established
2026-03-23 11:26:22,426 - INFO - Pipeline started
2026-03-23 11:26:22,444 - INFO - MySQL connection established
2026-03-23 11:26:22,582 - INFO - Funnel files loaded: 1
2026-03-23 11:26:22,582 - INFO - Order files loaded: 1
2026-03-23 11:26:22,707 - INFO - whatsapp table done
2026-03-23 11:26:22,715 - INFO - swayo whatsapp table done
2026-03-23 11:26:22,715 - INFO - PREPARE RESPONSE FILE done
2026-03-23 11:26:22,720 - INFO - Swayo app table done
2026-03-23 11:26:22,794 - INFO - Funnel table done
2026-03-23 11:26:22,906 - INFO - Data inserted into MySQL
2026-03-23 11:26:22,907 - INFO - Pipeline finished successfully
2026-03-23 13:49:51,781 - INFO - Pipeline started
2026-03-23 13:49:51,799 - INFO - MySQL connection established
2026-03-23 13:49:52,666 - INFO - Funnel files loaded: 1
2026-03-23 13:49:52,666 - INFO - Order files loaded: 1
2026-03-23 13:49:54,240 - INFO - whatsapp table done
2026-03-23 13:49:54,357 - INFO - swayo whatsapp table done
2026-03-23 13:49:54,357 - INFO - PREPARE RESPONSE FILE done
2026-03-23 13:49:54,396 - INFO - Swayo app table done
2026-03-23 13:49:54,487 - INFO - Funnel table done
2026-03-23 13:50:00,899 - INFO - Data inserted into MySQL
2026-03-23 13:50:00,900 - INFO - Pipeline finished successfully
2026-03-23 14:14:31,508 - INFO - Pipeline started
2026-03-23 14:14:31,529 - INFO - MySQL connection established
2026-03-23 14:14:32,400 - INFO - Funnel files loaded: 1
2026-03-23 14:14:32,400 - INFO - Order files loaded: 1
2026-03-23 14:14:33,929 - INFO - whatsapp table done
2026-03-23 14:14:33,992 - INFO - swayo whatsapp table done
2026-03-23 14:14:33,992 - INFO - PREPARE RESPONSE FILE done
2026-03-23 14:14:34,029 - INFO - Swayo app table done
2026-03-23 14:14:34,058 - INFO - Order table done
2026-03-23 14:14:34,068 - INFO - ORDER ITEMS table done
2026-03-23 14:14:34,152 - INFO - Funnel table done
2026-03-23 14:14:41,018 - INFO - Data inserted into MySQL
2026-03-23 14:14:48,100 - INFO - Orders and Order Items inserted
2026-03-23 14:14:48,101 - INFO - Pipeline finished successfully
2026-03-23 14:26:54,118 - INFO - Pipeline started
2026-03-23 14:26:54,137 - INFO - MySQL connection established
2026-03-23 14:26:55,025 - INFO - Funnel files loaded: 1
2026-03-23 14:26:55,025 - INFO - Order files loaded: 1
2026-03-23 14:26:56,592 - INFO - whatsapp table done
2026-03-23 14:26:56,654 - INFO - swayo whatsapp table done
2026-03-23 14:26:56,654 - INFO - PREPARE RESPONSE FILE done
2026-03-23 14:33:10,037 - INFO - Pipeline started
2026-03-23 14:33:10,056 - INFO - MySQL connection established
2026-03-23 14:33:11,032 - INFO - Funnel files loaded: 1
2026-03-23 14:33:11,032 - INFO - Order files loaded: 1
2026-03-23 14:33:12,594 - INFO - whatsapp table done
2026-03-23 14:33:12,704 - INFO - swayo whatsapp table done
2026-03-23 14:33:12,704 - INFO - PREPARE RESPONSE FILE done
2026-03-23 14:36:48,063 - INFO - Pipeline started
2026-03-23 14:36:48,082 - INFO - MySQL connection established
2026-03-23 14:36:48,957 - INFO - Funnel files loaded: 1
2026-03-23 14:36:48,957 - INFO - Order files loaded: 1
2026-03-23 14:36:50,528 - INFO - whatsapp table done
2026-03-23 14:36:50,637 - INFO - swayo whatsapp table done
2026-03-23 14:36:50,637 - INFO - PREPARE RESPONSE FILE done
2026-03-23 14:36:50,676 - INFO - Swayo app table done
2026-03-23 14:36:50,706 - INFO - Order table done
2026-03-23 14:36:50,718 - INFO - ORDER ITEMS table done
2026-03-23 14:36:50,825 - INFO - Funnel table done
2026-03-23 14:39:26,010 - INFO - Pipeline started
2026-03-23 14:39:26,030 - INFO - MySQL connection established
2026-03-23 14:39:26,905 - INFO - Funnel files loaded: 1
2026-03-23 14:39:26,905 - INFO - Order files loaded: 1
2026-03-23 14:39:28,468 - INFO - whatsapp table done
2026-03-23 14:39:28,528 - INFO - swayo whatsapp table done
2026-03-23 14:39:28,529 - INFO - PREPARE RESPONSE FILE done
2026-03-23 14:39:28,563 - INFO - Swayo app table done
2026-03-23 14:39:28,591 - INFO - Order table done
2026-03-23 14:39:28,602 - INFO - ORDER ITEMS table done
2026-03-23 14:39:28,688 - INFO - Funnel table done
2026-03-23 14:39:35,138 - INFO - Data inserted into MySQL
2026-03-23 14:40:23,067 - INFO - Pipeline started
2026-03-23 14:40:23,085 - INFO - MySQL connection established
2026-03-23 14:40:23,951 - INFO - Funnel files loaded: 1
2026-03-23 14:40:23,951 - INFO - Order files loaded: 1
2026-03-23 14:40:25,563 - INFO - whatsapp table done
2026-03-23 14:40:25,636 - INFO - swayo whatsapp table done
2026-03-23 14:40:25,636 - INFO - PREPARE RESPONSE FILE done
2026-03-23 14:40:25,674 - INFO - Swayo app table done
2026-03-23 14:40:25,707 - INFO - Order table done
2026-03-23 14:40:25,721 - INFO - ORDER ITEMS table done
2026-03-23 14:40:25,800 - INFO - Funnel table done
2026-03-23 14:40:32,176 - INFO - Data inserted into MySQL
2026-03-23 14:45:37,312 - INFO - Pipeline started
2026-03-23 14:45:37,331 - INFO - MySQL connection established
2026-03-23 14:45:38,203 - INFO - Funnel files loaded: 1
2026-03-23 14:45:38,203 - INFO - Order files loaded: 1
2026-03-23 14:45:39,764 - INFO - whatsapp table done
2026-03-23 14:45:39,822 - INFO - swayo whatsapp table done
2026-03-23 14:45:39,822 - INFO - PREPARE RESPONSE FILE done
2026-03-23 14:45:39,859 - INFO - Swayo app table done
2026-03-23 14:45:39,889 - INFO - Order table done
2026-03-23 14:45:39,901 - INFO - ORDER ITEMS table done
2026-03-23 14:45:39,980 - INFO - Funnel table done
2026-03-23 14:45:46,205 - INFO - Data inserted into MySQL
2026-03-23 14:45:53,115 - INFO - Orders and Order Items inserted
2026-03-23 14:45:53,116 - INFO - Pipeline finished successfully
2026-03-23 19:31:56,083 - INFO - Pipeline started
2026-03-23 19:31:56,106 - INFO - MySQL connection established
2026-03-23 19:31:57,002 - INFO - Funnel files loaded: 1
2026-03-23 19:31:57,002 - INFO - Order files loaded: 1
2026-03-23 19:31:58,572 - INFO - whatsapp table done
2026-03-23 19:31:59,449 - INFO - swayo whatsapp table done
2026-03-23 19:31:59,449 - INFO - PREPARE RESPONSE FILE done
2026-03-23 19:31:59,494 - INFO - Swayo app table done
2026-03-23 19:31:59,524 - INFO - Order table done
2026-03-23 19:31:59,534 - INFO - ORDER ITEMS table done
2026-03-23 19:32:14,923 - INFO - Funnel table done
2026-03-23 19:34:05,816 - INFO - Pipeline started
2026-03-23 19:34:05,834 - INFO - MySQL connection established
2026-03-23 19:34:06,714 - INFO - Funnel files loaded: 1
2026-03-23 19:34:06,714 - INFO - Order files loaded: 1
2026-03-23 19:34:08,294 - INFO - whatsapp table done
2026-03-23 19:34:08,340 - INFO - swayo whatsapp table done
2026-03-23 19:34:08,340 - INFO - PREPARE RESPONSE FILE done
2026-03-23 19:34:08,375 - INFO - Swayo app table done
2026-03-23 19:34:08,404 - INFO - Order table done
2026-03-23 19:34:08,414 - INFO - ORDER ITEMS table done
2026-03-23 19:34:25,042 - INFO - Funnel table done
2026-03-23 19:34:41,386 - INFO - Data inserted into MySQL
2026-03-23 19:34:48,573 - INFO - Orders and Order Items inserted
2026-03-23 19:34:48,575 - INFO - Pipeline finished successfully
2026-03-23 23:22:15,968 - INFO - Pipeline started
2026-03-23 23:22:15,989 - INFO - MySQL connection established
2026-03-23 23:57:57,128 - INFO - Pipeline started
2026-03-23 23:57:57,994 - INFO - Files loaded
2026-03-23 23:57:58,254 - INFO - Orders processed: 311056
2026-03-24 00:02:57,333 - INFO - Pipeline started
2026-03-24 00:02:58,243 - INFO - Files loaded
2026-03-24 00:02:58,520 - INFO - Orders processed: 311056
2026-03-24 00:05:03,747 - INFO - Pipeline started
2026-03-24 00:05:04,670 - INFO - Files loaded
2026-03-24 00:05:04,879 - INFO - Orders processed: 311056
2026-03-24 00:06:43,737 - INFO - Pipeline started
2026-03-24 00:06:44,619 - INFO - Files loaded
2026-03-24 00:06:44,825 - INFO - Orders processed: 311056
2026-03-24 00:10:46,107 - INFO - Pipeline started
2026-03-24 00:10:46,978 - INFO - Files loaded
2026-03-24 00:10:47,181 - INFO - Orders processed: 311056
2026-03-24 00:12:51,389 - INFO - Pipeline started
2026-03-24 00:12:52,456 - INFO - Files loaded
2026-03-24 00:12:52,730 - INFO - Orders processed: 311056
2026-03-24 00:12:52,804 - INFO - Funnel processed: 46219
2026-03-24 00:12:55,078 - INFO - orders_raw loaded: 178760 rows
2026-03-24 00:12:57,309 - INFO - order_items_raw loaded: 311954 rows
2026-03-24 00:12:57,873 - INFO - funnel_raw loaded: 40174 rows
2026-03-24 00:12:57,874 - INFO - Pipeline finished successfully
2026-03-24 00:21:55,990 - INFO - Pipeline started
2026-03-24 00:21:57,217 - INFO - Files loaded
2026-03-24 00:21:57,527 - INFO - Orders processed: 311056
2026-03-24 00:21:57,610 - INFO - Funnel processed: 46219
2026-03-24 00:22:00,985 - INFO - orders_raw loaded: 178760 rows
2026-03-24 00:22:03,214 - INFO - order_items_raw loaded: 311954 rows
2026-03-24 00:22:03,776 - INFO - funnel_raw loaded: 40174 rows
2026-03-24 00:22:03,777 - INFO - Pipeline finished successfully
2026-03-24 00:24:21,891 - INFO - Pipeline started
2026-03-24 00:31:14,666 - INFO - Pipeline finished successfully
2026-03-24 00:31:14,667 - INFO - Pipeline finished successfully
2026-03-24 00:31:14,667 - INFO - Pipeline finished successfully
2026-03-24 00:31:14,667 - INFO - Pipeline started
2026-03-24 00:38:02,083 - INFO - Pipeline finished successfully
2026-03-24 00:38:02,084 - INFO - Pipeline finished successfully
2026-03-24 00:38:02,084 - INFO - Pipeline finished successfully
2026-03-24 00:38:02,084 - INFO - Pipeline started
2026-03-24 00:38:46,172 - INFO - Pipeline finished successfully
2026-03-24 00:38:46,172 - INFO - Pipeline finished successfully
2026-03-24 00:38:46,172 - INFO - Pipeline finished successfully
2026-03-24 00:38:46,172 - INFO - Pipeline started
2026-03-24 00:44:28,276 - INFO - Pipeline finished successfully
2026-03-24 00:44:28,276 - INFO - Pipeline finished successfully
2026-03-24 00:44:28,276 - INFO - Pipeline finished successfully
2026-03-24 00:44:28,276 - INFO - Pipeline started
2026-03-24 00:49:47,125 - INFO - Pipeline finished successfully
2026-03-24 00:49:47,125 - INFO - Pipeline finished successfully
2026-03-24 00:49:47,125 - INFO - Pipeline finished successfully
2026-03-24 00:49:47,125 - INFO - Pipeline started
2026-03-24 00:50:45,293 - INFO - Pipeline finished successfully
2026-03-24 00:50:45,293 - INFO - Pipeline finished successfully
2026-03-24 00:50:45,293 - INFO - Pipeline finished successfully
2026-03-24 00:50:45,293 - INFO - Pipeline started
2026-03-24 00:55:14,385 - INFO - orders_raw loaded: 178760 rows
2026-03-24 00:55:16,556 - INFO - order_items_raw loaded: 311954 rows
2026-03-24 00:55:17,164 - INFO - funnel_raw loaded: 40174 rows
2026-03-24 12:27:29,706 - INFO - orders_raw loaded: 229 rows
2026-03-24 12:27:29,724 - INFO - order_items_raw loaded: 510 rows
2026-03-24 14:45:21,363 - INFO - orders_raw loaded: 178758 rows
2026-03-24 14:45:23,823 - INFO - order_items_raw loaded: 311954 rows
2026-03-24 20:13:07,095 - INFO - orders_raw loaded: 178758 rows
2026-03-24 20:13:09,194 - INFO - order_items_raw loaded: 311954 rows
2026-03-24 20:13:09,863 - INFO - funnel_raw loaded: 39933 rows
2026-04-01 13:58:31,402 - INFO - Pipeline started
2026-04-01 13:58:31,404 - INFO - No new order files found. Pipeline exiting.
2026-04-01 14:03:46,457 - INFO - Pipeline started
2026-04-01 14:03:46,491 - INFO - Files loaded: data=data/raw/data.csv, response=data/raw/response_1774245802478.csv, funnel=data/raw/funnelanalysisswayo_2026-03-24T12_23_39.040062815+05_30.csv
2026-04-01 14:03:46,509 - INFO - Orders processed: 1157
2026-04-01 14:03:46,514 - INFO - Items processed: 2443
2026-04-01 14:03:46,555 - INFO - Funnel new rows: 12882 (last_row=0)
2026-04-01 14:03:47,363 - INFO - orders_raw: Inserted 1157 rows
2026-04-01 14:03:47,392 - INFO - order_items_raw: Inserted 2443 rows
2026-04-01 14:03:47,557 - INFO - funnel_raw: Inserted 12882 rows
2026-04-01 14:03:47,575 - INFO - grabfood_whatsapp: Inserted 210 rows
2026-04-01 14:05:58,144 - INFO - Pipeline started
2026-04-01 14:05:58,188 - INFO - Files loaded: data=data/raw/data.csv, response=data/raw/response_1774245802478.csv, funnel=data/raw/funnelanalysisswayo_2026-03-24T12_23_39.040062815+05_30.csv
2026-04-01 14:05:58,220 - INFO - Orders processed: 1157
2026-04-01 14:05:58,225 - INFO - Items processed: 2443
2026-04-01 14:05:58,278 - INFO - Funnel new rows: 12882 (last_row=0)
2026-04-01 14:05:58,511 - INFO - orders_raw: Inserted 1157 rows
2026-04-01 14:05:58,539 - INFO - order_items_raw: Inserted 2443 rows
2026-04-01 14:05:58,736 - INFO - funnel_raw: Inserted 12882 rows
2026-04-01 14:05:58,748 - INFO - grabfood_whatsapp: Inserted 210 rows
2026-04-01 14:05:58,771 - INFO - swayo_whatsapp: Added missing column 'order_status' as TEXT
2026-04-01 14:05:58,776 - INFO - swayo_whatsapp: Added missing column 'delivery_type' as TEXT
2026-04-01 14:05:58,782 - INFO - swayo_whatsapp: Added missing column 'discount' as DOUBLE
2026-04-01 14:05:58,788 - INFO - swayo_whatsapp: Added missing column 'city' as TEXT
2026-04-01 14:05:58,793 - INFO - swayo_whatsapp: Added missing column 'seller_pincode' as TEXT
2026-04-01 14:05:58,799 - INFO - swayo_whatsapp: Added missing column 'delivery_pincode' as TEXT
2026-04-01 14:05:58,806 - INFO - swayo_whatsapp: Added missing column 'channel' as TEXT
2026-04-01 14:05:58,815 - INFO - swayo_whatsapp: Added missing column 'logistics_provider' as TEXT
2026-04-01 14:05:58,822 - INFO - swayo_whatsapp: Added missing column 'logistics_price' as TEXT
2026-04-01 14:05:58,827 - INFO - swayo_whatsapp: Added missing column 'gf_price' as TEXT
2026-04-01 14:05:58,833 - INFO - swayo_whatsapp: Added missing column 'cancelled_by' as TEXT
2026-04-01 14:05:58,840 - INFO - swayo_whatsapp: Added missing column 'cancellation_remark' as TEXT
2026-04-01 14:05:58,845 - INFO - swayo_whatsapp: Added missing column 'shop_id' as TEXT
2026-04-01 14:05:58,855 - INFO - swayo_whatsapp: Added missing column 'source' as TEXT
2026-04-01 14:05:58,860 - INFO - swayo_whatsapp: Added missing column 'restaurant_name' as TEXT
2026-04-01 14:05:58,864 - INFO - swayo_whatsapp: Inserted 4 rows
2026-04-01 14:05:58,870 - INFO - swayo_app: Added missing column 'order_status' as TEXT
2026-04-01 14:05:58,873 - INFO - swayo_app: Added missing column 'delivery_type' as TEXT
2026-04-01 14:05:58,877 - INFO - swayo_app: Added missing column 'discount' as DOUBLE
2026-04-01 14:05:58,881 - INFO - swayo_app: Added missing column 'city' as TEXT
2026-04-01 14:05:58,885 - INFO - swayo_app: Added missing column 'seller_pincode' as TEXT
2026-04-01 14:05:58,889 - INFO - swayo_app: Added missing column 'delivery_pincode' as TEXT
2026-04-01 14:05:58,894 - INFO - swayo_app: Added missing column 'channel' as TEXT
2026-04-01 14:05:58,899 - INFO - swayo_app: Added missing column 'logistics_provider' as TEXT
2026-04-01 14:05:58,903 - INFO - swayo_app: Added missing column 'logistics_price' as TEXT
2026-04-01 14:05:58,907 - INFO - swayo_app: Added missing column 'gf_price' as TEXT
2026-04-01 14:05:58,912 - INFO - swayo_app: Added missing column 'cancelled_by' as TEXT
2026-04-01 14:05:58,918 - INFO - swayo_app: Added missing column 'cancellation_remark' as TEXT
2026-04-01 14:05:58,923 - INFO - swayo_app: Added missing column 'shop_id' as TEXT
2026-04-01 14:05:58,929 - INFO - swayo_app: Added missing column 'source' as TEXT
2026-04-01 14:05:58,934 - INFO - swayo_app: Added missing column 'restaurant_name' as TEXT
2026-04-01 14:05:58,963 - INFO - swayo_app: Inserted 943 rows
2026-04-01 14:05:58,963 - INFO - Funnel last processed row updated to 12882
2026-04-01 14:05:58,964 - INFO - Archived: data/raw/data.csv → data/archive/data.csv
2026-04-01 14:05:58,964 - INFO - Archived: data/raw/response_1774245802478.csv → data/archive/response_1774245802478.csv
2026-04-01 14:05:58,964 - INFO - Archived: data/raw/funnelanalysisswayo_2026-03-24T12_23_39.040062815+05_30.csv → data/archive/funnelanalysisswayo_2026-03-24T12_23_39.040062815+05_30.csv
2026-04-01 14:05:58,965 - INFO - Pipeline completed successfully
2026-04-01 21:41:34,465 INFO  
=================================================================
2026-04-01 21:41:34,466 INFO  PIPELINE v3.0 — START
2026-04-01 21:41:34,466 INFO  =================================================================
2026-04-01 21:41:34,466 INFO  
[1/9] Loading files...
2026-04-01 21:41:34,516 INFO    Loaded → data:266 | response:936 | funnel:47027 | lookup:1004
2026-04-01 21:41:34,516 INFO  
[2/9] Building dimensions...
2026-04-01 21:41:34,521 INFO    dim_restaurants: 157 restaurants
2026-04-01 21:41:34,524 INFO    dim_customers: 667 unique customers
2026-04-01 21:41:34,524 INFO  
[3/9] Building fact tables...
2026-04-01 21:41:34,538 INFO    fact_orders: 1,049 orders
2026-04-01 21:41:34,538 INFO      platforms: {'swayo_app': 943, 'grabfood_whatsapp': 103, 'swayo_whatsapp': 2, 'unknown': 1}
2026-04-01 21:41:34,542 INFO    fact_order_items: 2,217 line items
2026-04-01 21:41:34,565 INFO    Funnel dropped → bad_ts:0 | garbage_pdp:1117 | bad_action:0 | total_dropped:1117
2026-04-01 21:41:34,736 INFO    fact_funnel: 33,027 new rows (total clean: 45,910 | checkpoint: 12882)
2026-04-01 21:41:34,738 INFO      actions: {'PLP': 21792, 'VIEW_CART': 5343, 'PDP': 4702, 'CHECKOUT': 765, 'ORDER': 425}
2026-04-01 21:41:34,739 INFO  
[4/9] Building aggregation tables...
2026-04-01 21:41:34,742 INFO    agg_platform_daily: 81 rows
2026-04-01 21:41:34,746 INFO    agg_restaurant_daily: 365 rows
2026-04-01 21:41:34,756 INFO    agg_funnel_conversion: 1,233 rows
2026-04-01 21:41:34,780 INFO    agg_customer_behavior: 667 customers
2026-04-01 21:41:34,781 INFO      segments: {'One-time': 529, 'Repeat': 115, 'Loyal': 17, 'VIP': 6}
2026-04-01 21:41:34,781 INFO  
[5/9] Loading to MySQL...
2026-04-01 21:41:35,275 INFO    dim_restaurants: 157 rows → MySQL [replace]
2026-04-01 21:41:35,296 INFO    dim_customers: 667 rows → MySQL [replace]
2026-04-01 21:41:35,393 INFO    fact_orders: 1,049 rows → MySQL [append]
2026-04-01 21:41:35,423 INFO    fact_order_items: 2,217 rows → MySQL [append]
2026-04-01 21:41:36,171 INFO    fact_funnel: 33,027 rows → MySQL [append]
2026-04-01 21:41:36,177 INFO    agg_platform_daily: 81 rows → MySQL [replace]
2026-04-01 21:41:36,191 INFO    agg_restaurant_daily: 365 rows → MySQL [replace]
2026-04-01 21:41:36,220 INFO    agg_funnel_conversion: 1,233 rows → MySQL [replace]
2026-04-01 21:41:36,240 INFO    agg_customer_behavior: 667 rows → MySQL [replace]
2026-04-01 21:41:36,240 INFO  
[6/9] Saving funnel checkpoint...
2026-04-01 21:41:36,240 INFO    Funnel checkpoint: row 45909
2026-04-01 21:41:36,240 INFO  
[7/9] Archiving raw files...
2026-04-01 21:41:36,241 INFO    Archived: data (1).csv
2026-04-01 21:41:36,241 INFO    Archived: response_1774245802478.csv
2026-04-01 21:41:36,241 INFO    Archived: funnelanalysisswayo_2026-03-24T12_23_39.040062815+05_30.csv
2026-04-01 21:41:36,241 INFO  
[8/9] PIPELINE SUMMARY
2026-04-01 21:41:36,241 INFO  ─────────────────────────────────────────────
2026-04-01 21:41:36,241 INFO    Restaurants         :     157
2026-04-01 21:41:36,241 INFO    Customers           :     667
2026-04-01 21:41:36,241 INFO    Orders              :   1,049
2026-04-01 21:41:36,242 INFO      GrabFood WhatsApp :     103
2026-04-01 21:41:36,242 INFO      Swayo WhatsApp    :       2
2026-04-01 21:41:36,242 INFO      Swayo App         :     943
2026-04-01 21:41:36,242 INFO    Order items         :   2,217
2026-04-01 21:41:36,242 INFO    Funnel events       :  33,027  ← 97.6% retained
2026-04-01 21:41:36,242 INFO    Platform daily agg  :      81
2026-04-01 21:41:36,242 INFO    Restaurant daily agg:     365
2026-04-01 21:41:36,242 INFO    Funnel conv agg     :   1,233
2026-04-01 21:41:36,242 INFO    Customer behavior   :     667
2026-04-01 21:41:36,242 INFO  
  ✅ PIPELINE v3.0 COMPLETED SUCCESSFULLY
2026-04-01 21:41:36,242 INFO  =================================================================

2026-04-01 22:07:22,141 INFO  
=================================================================
2026-04-01 22:07:22,141 INFO  PIPELINE v3.0 — START
2026-04-01 22:07:22,141 INFO  =================================================================
2026-04-01 22:07:22,141 INFO  
[1/9] Loading files...
2026-04-01 22:07:23,149 INFO    Loaded → data:312269 | response:1112 | funnel:56535 | lookup:1004
2026-04-01 22:07:23,149 INFO  
[2/9] Building dimensions...
2026-04-01 22:07:23,168 INFO    dim_restaurants: 157 restaurants
2026-04-01 22:07:23,690 INFO    dim_customers: 67023 unique customers
2026-04-01 22:07:23,692 INFO  
[3/9] Building fact tables...
2026-04-01 22:07:24,876 INFO    fact_orders: 179,166 orders
2026-04-01 22:07:24,885 INFO      platforms: {'grabfood_whatsapp': 177336, 'swayo_app': 1188, 'swayo_whatsapp': 487, 'unknown': 155}
2026-04-01 22:07:25,130 INFO    fact_order_items: 312,585 line items
2026-04-01 22:07:25,160 INFO    Funnel dropped → bad_ts:0 | garbage_pdp:1117 | bad_action:0 | total_dropped:1117
2026-04-01 22:07:25,370 INFO    fact_funnel: 9,508 new rows (total clean: 55,418 | checkpoint: 45909)
2026-04-01 22:07:25,371 INFO      actions: {'PLP': 6146, 'VIEW_CART': 1552, 'PDP': 1395, 'CHECKOUT': 247, 'ORDER': 168}
2026-04-01 22:07:25,373 INFO  
[4/9] Building aggregation tables...
2026-04-01 22:07:25,409 INFO    agg_platform_daily: 638 rows
2026-04-01 22:07:25,451 INFO    agg_restaurant_daily: 49,328 rows
2026-04-01 22:07:25,458 INFO    agg_funnel_conversion: 308 rows
2026-04-01 22:07:27,562 INFO    agg_customer_behavior: 67,021 customers
2026-04-01 22:07:27,565 INFO      segments: {'One-time': 39721, 'Repeat': 19359, 'Loyal': 5157, 'VIP': 2784}
2026-04-01 22:07:27,565 INFO  
[5/9] Loading to MySQL...
2026-04-01 22:07:28,203 INFO    dim_restaurants: 157 rows → MySQL [replace]
2026-04-01 22:07:28,821 INFO    dim_customers: 67,023 rows → MySQL [replace]
2026-04-01 22:07:37,776 INFO    fact_orders: 179,166 rows → MySQL [append]
2026-04-01 22:07:40,264 INFO    fact_order_items: 312,585 rows → MySQL [append]
2026-04-01 22:07:40,465 INFO    fact_funnel: 9,508 rows → MySQL [append]
2026-04-01 22:07:40,489 INFO    agg_platform_daily: 638 rows → MySQL [replace]
2026-04-01 22:07:41,546 INFO    agg_restaurant_daily: 49,328 rows → MySQL [replace]
2026-04-01 22:07:41,568 INFO    agg_funnel_conversion: 308 rows → MySQL [replace]
2026-04-01 22:07:42,985 INFO    agg_customer_behavior: 67,021 rows → MySQL [replace]
2026-04-01 22:07:42,985 INFO  
[6/9] Saving funnel checkpoint...
2026-04-01 22:07:42,987 INFO    Funnel checkpoint: row 55417
2026-04-01 22:07:42,987 INFO  
[7/9] Archiving raw files...
2026-04-01 22:07:42,987 INFO    Archived: data (3).csv
2026-04-01 22:07:42,987 INFO    Archived: response_1775061209380.csv
2026-04-01 22:07:42,988 INFO    Archived: funnelanalysisswayo_2026-04-01T22_04_26.300504677+05_30.csv
2026-04-01 22:07:42,988 INFO  
[8/9] PIPELINE SUMMARY
2026-04-01 22:07:42,988 INFO  ─────────────────────────────────────────────
2026-04-01 22:07:42,988 INFO    Restaurants         :     157
2026-04-01 22:07:42,988 INFO    Customers           :  67,023
2026-04-01 22:07:42,988 INFO    Orders              : 179,166
2026-04-01 22:07:42,995 INFO      GrabFood WhatsApp : 177,336
2026-04-01 22:07:43,002 INFO      Swayo WhatsApp    :     487
2026-04-01 22:07:43,009 INFO      Swayo App         :   1,188
2026-04-01 22:07:43,009 INFO    Order items         : 312,585
2026-04-01 22:07:43,009 INFO    Funnel events       :   9,508  ← 97.6% retained
2026-04-01 22:07:43,009 INFO    Platform daily agg  :     638
2026-04-01 22:07:43,009 INFO    Restaurant daily agg:  49,328
2026-04-01 22:07:43,009 INFO    Funnel conv agg     :     308
2026-04-01 22:07:43,009 INFO    Customer behavior   :  67,021
2026-04-01 22:07:43,009 INFO  
  ✅ PIPELINE v3.0 COMPLETED SUCCESSFULLY
2026-04-01 22:07:43,009 INFO  =================================================================

